{"/Users/briley/Documents/workspace/dmsp_api_prototype/lambdas/integrations/dmp_extractor/src/index.ts": {"path":"/Users/briley/Documents/workspace/dmsp_api_prototype/lambdas/integrations/dmp_extractor/src/index.ts","all":false,"statementMap":{"0":{"start":{"line":1,"column":0},"end":{"line":1,"column":62}},"1":{"start":{"line":2,"column":0},"end":{"line":2,"column":28}},"2":{"start":{"line":3,"column":0},"end":{"line":3,"column":33}},"3":{"start":{"line":4,"column":0},"end":{"line":4,"column":51}},"4":{"start":{"line":5,"column":0},"end":{"line":5,"column":0}},"5":{"start":{"line":6,"column":0},"end":{"line":6,"column":90}},"6":{"start":{"line":7,"column":0},"end":{"line":7,"column":106}},"7":{"start":{"line":8,"column":0},"end":{"line":8,"column":71}},"8":{"start":{"line":9,"column":0},"end":{"line":9,"column":64}},"9":{"start":{"line":10,"column":0},"end":{"line":10,"column":0}},"10":{"start":{"line":11,"column":0},"end":{"line":11,"column":93}},"11":{"start":{"line":12,"column":0},"end":{"line":12,"column":54}},"12":{"start":{"line":13,"column":0},"end":{"line":13,"column":72}},"13":{"start":{"line":14,"column":0},"end":{"line":14,"column":60}},"14":{"start":{"line":15,"column":0},"end":{"line":15,"column":0}},"15":{"start":{"line":16,"column":0},"end":{"line":16,"column":36}},"16":{"start":{"line":17,"column":0},"end":{"line":17,"column":0}},"17":{"start":{"line":18,"column":0},"end":{"line":18,"column":24}},"18":{"start":{"line":19,"column":0},"end":{"line":19,"column":65}},"19":{"start":{"line":20,"column":0},"end":{"line":20,"column":42}},"20":{"start":{"line":21,"column":0},"end":{"line":21,"column":50}},"21":{"start":{"line":22,"column":0},"end":{"line":22,"column":54}},"22":{"start":{"line":23,"column":0},"end":{"line":23,"column":0}},"23":{"start":{"line":24,"column":0},"end":{"line":24,"column":60}},"24":{"start":{"line":25,"column":0},"end":{"line":25,"column":46}},"25":{"start":{"line":26,"column":0},"end":{"line":26,"column":34}},"26":{"start":{"line":27,"column":0},"end":{"line":27,"column":0}},"27":{"start":{"line":28,"column":0},"end":{"line":28,"column":64}},"28":{"start":{"line":29,"column":0},"end":{"line":29,"column":28}},"29":{"start":{"line":30,"column":0},"end":{"line":30,"column":59}},"30":{"start":{"line":31,"column":0},"end":{"line":31,"column":0}},"31":{"start":{"line":32,"column":0},"end":{"line":32,"column":24}},"32":{"start":{"line":33,"column":0},"end":{"line":33,"column":75}},"33":{"start":{"line":34,"column":0},"end":{"line":34,"column":0}},"34":{"start":{"line":35,"column":0},"end":{"line":35,"column":48}},"35":{"start":{"line":36,"column":0},"end":{"line":36,"column":43}},"36":{"start":{"line":37,"column":0},"end":{"line":37,"column":0}},"37":{"start":{"line":38,"column":0},"end":{"line":38,"column":62}},"38":{"start":{"line":39,"column":0},"end":{"line":39,"column":84}},"39":{"start":{"line":40,"column":0},"end":{"line":40,"column":7}},"40":{"start":{"line":41,"column":0},"end":{"line":41,"column":69}},"41":{"start":{"line":42,"column":0},"end":{"line":42,"column":32}},"42":{"start":{"line":43,"column":0},"end":{"line":43,"column":0}},"43":{"start":{"line":44,"column":0},"end":{"line":44,"column":39}},"44":{"start":{"line":45,"column":0},"end":{"line":45,"column":36}},"45":{"start":{"line":46,"column":0},"end":{"line":46,"column":90}},"46":{"start":{"line":47,"column":0},"end":{"line":47,"column":75}},"47":{"start":{"line":48,"column":0},"end":{"line":48,"column":0}},"48":{"start":{"line":49,"column":0},"end":{"line":49,"column":44}},"49":{"start":{"line":50,"column":0},"end":{"line":50,"column":61}},"50":{"start":{"line":51,"column":0},"end":{"line":51,"column":60}},"51":{"start":{"line":52,"column":0},"end":{"line":52,"column":0}},"52":{"start":{"line":53,"column":0},"end":{"line":53,"column":49}},"53":{"start":{"line":54,"column":0},"end":{"line":54,"column":41}},"54":{"start":{"line":55,"column":0},"end":{"line":55,"column":111}},"55":{"start":{"line":56,"column":0},"end":{"line":56,"column":0}},"56":{"start":{"line":57,"column":0},"end":{"line":57,"column":100}},"57":{"start":{"line":58,"column":0},"end":{"line":58,"column":32}},"58":{"start":{"line":59,"column":0},"end":{"line":59,"column":0}},"59":{"start":{"line":60,"column":0},"end":{"line":60,"column":12}},"60":{"start":{"line":61,"column":0},"end":{"line":61,"column":22}},"61":{"start":{"line":62,"column":0},"end":{"line":62,"column":16}},"62":{"start":{"line":63,"column":0},"end":{"line":63,"column":6}},"63":{"start":{"line":64,"column":0},"end":{"line":64,"column":19}},"64":{"start":{"line":65,"column":0},"end":{"line":65,"column":88}},"65":{"start":{"line":66,"column":0},"end":{"line":66,"column":12}},"66":{"start":{"line":67,"column":0},"end":{"line":67,"column":22}},"67":{"start":{"line":68,"column":0},"end":{"line":68,"column":50}},"68":{"start":{"line":69,"column":0},"end":{"line":69,"column":6}},"69":{"start":{"line":70,"column":0},"end":{"line":70,"column":3}},"70":{"start":{"line":71,"column":0},"end":{"line":71,"column":2}},"71":{"start":{"line":72,"column":0},"end":{"line":72,"column":0}},"72":{"start":{"line":73,"column":0},"end":{"line":73,"column":55}},"73":{"start":{"line":74,"column":0},"end":{"line":74,"column":57}},"74":{"start":{"line":75,"column":0},"end":{"line":75,"column":17}},"75":{"start":{"line":76,"column":0},"end":{"line":76,"column":23}},"76":{"start":{"line":77,"column":0},"end":{"line":77,"column":0}},"77":{"start":{"line":78,"column":0},"end":{"line":78,"column":74}},"78":{"start":{"line":79,"column":0},"end":{"line":79,"column":6}},"79":{"start":{"line":80,"column":0},"end":{"line":80,"column":20}},"80":{"start":{"line":81,"column":0},"end":{"line":81,"column":28}},"81":{"start":{"line":82,"column":0},"end":{"line":82,"column":42}},"82":{"start":{"line":83,"column":0},"end":{"line":83,"column":35}},"83":{"start":{"line":84,"column":0},"end":{"line":84,"column":62}},"84":{"start":{"line":85,"column":0},"end":{"line":85,"column":6}},"85":{"start":{"line":86,"column":0},"end":{"line":86,"column":44}},"86":{"start":{"line":87,"column":0},"end":{"line":87,"column":56}},"87":{"start":{"line":88,"column":0},"end":{"line":88,"column":0}},"88":{"start":{"line":89,"column":0},"end":{"line":89,"column":50}},"89":{"start":{"line":90,"column":0},"end":{"line":90,"column":47}},"90":{"start":{"line":91,"column":0},"end":{"line":91,"column":90}},"91":{"start":{"line":92,"column":0},"end":{"line":92,"column":75}},"92":{"start":{"line":93,"column":0},"end":{"line":93,"column":49}},"93":{"start":{"line":94,"column":0},"end":{"line":94,"column":29}},"94":{"start":{"line":95,"column":0},"end":{"line":95,"column":0}},"95":{"start":{"line":96,"column":0},"end":{"line":96,"column":65}},"96":{"start":{"line":97,"column":0},"end":{"line":97,"column":58}},"97":{"start":{"line":98,"column":0},"end":{"line":98,"column":1}},"98":{"start":{"line":99,"column":0},"end":{"line":99,"column":0}},"99":{"start":{"line":100,"column":0},"end":{"line":100,"column":62}},"100":{"start":{"line":101,"column":0},"end":{"line":101,"column":97}},"101":{"start":{"line":102,"column":0},"end":{"line":102,"column":19}},"102":{"start":{"line":103,"column":0},"end":{"line":103,"column":23}},"103":{"start":{"line":104,"column":0},"end":{"line":104,"column":26}},"104":{"start":{"line":105,"column":0},"end":{"line":105,"column":0}},"105":{"start":{"line":106,"column":0},"end":{"line":106,"column":29}},"106":{"start":{"line":107,"column":0},"end":{"line":107,"column":69}},"107":{"start":{"line":108,"column":0},"end":{"line":108,"column":0}},"108":{"start":{"line":109,"column":0},"end":{"line":109,"column":56}},"109":{"start":{"line":110,"column":0},"end":{"line":110,"column":75}},"110":{"start":{"line":111,"column":0},"end":{"line":111,"column":30}},"111":{"start":{"line":112,"column":0},"end":{"line":112,"column":23}},"112":{"start":{"line":113,"column":0},"end":{"line":113,"column":26}},"113":{"start":{"line":114,"column":0},"end":{"line":114,"column":5}},"114":{"start":{"line":115,"column":0},"end":{"line":115,"column":0}},"115":{"start":{"line":116,"column":0},"end":{"line":116,"column":49}},"116":{"start":{"line":117,"column":0},"end":{"line":117,"column":32}},"117":{"start":{"line":118,"column":0},"end":{"line":118,"column":3}},"118":{"start":{"line":119,"column":0},"end":{"line":119,"column":0}},"119":{"start":{"line":120,"column":0},"end":{"line":120,"column":38}},"120":{"start":{"line":121,"column":0},"end":{"line":121,"column":31}},"121":{"start":{"line":122,"column":0},"end":{"line":122,"column":28}},"122":{"start":{"line":123,"column":0},"end":{"line":123,"column":3}},"123":{"start":{"line":124,"column":0},"end":{"line":124,"column":15}},"124":{"start":{"line":125,"column":0},"end":{"line":125,"column":2}},"125":{"start":{"line":126,"column":0},"end":{"line":126,"column":0}},"126":{"start":{"line":127,"column":0},"end":{"line":127,"column":44}},"127":{"start":{"line":128,"column":0},"end":{"line":128,"column":107}},"128":{"start":{"line":129,"column":0},"end":{"line":129,"column":64}},"129":{"start":{"line":130,"column":0},"end":{"line":130,"column":0}},"130":{"start":{"line":131,"column":0},"end":{"line":131,"column":57}},"131":{"start":{"line":132,"column":0},"end":{"line":132,"column":68}},"132":{"start":{"line":133,"column":0},"end":{"line":133,"column":0}},"133":{"start":{"line":134,"column":0},"end":{"line":134,"column":20}},"134":{"start":{"line":135,"column":0},"end":{"line":135,"column":27}},"135":{"start":{"line":136,"column":0},"end":{"line":136,"column":18}},"136":{"start":{"line":137,"column":0},"end":{"line":137,"column":22}},"137":{"start":{"line":138,"column":0},"end":{"line":138,"column":36}},"138":{"start":{"line":139,"column":0},"end":{"line":139,"column":28}},"139":{"start":{"line":140,"column":0},"end":{"line":140,"column":4}},"140":{"start":{"line":141,"column":0},"end":{"line":141,"column":0}},"141":{"start":{"line":142,"column":0},"end":{"line":142,"column":54}},"142":{"start":{"line":143,"column":0},"end":{"line":143,"column":1}}},"s":{"0":1,"1":1,"2":1,"3":1,"4":1,"5":1,"6":1,"7":1,"8":1,"9":1,"10":1,"11":1,"12":1,"13":1,"14":1,"15":1,"16":1,"17":1,"18":1,"19":1,"20":1,"21":1,"22":1,"23":1,"24":1,"25":1,"26":1,"27":1,"28":1,"29":1,"30":1,"31":1,"32":1,"33":1,"34":1,"35":1,"36":1,"37":1,"38":1,"39":3,"40":3,"41":3,"42":3,"43":3,"44":3,"45":3,"46":3,"47":3,"48":3,"49":3,"50":3,"51":3,"52":3,"53":3,"54":3,"55":2,"56":2,"57":2,"58":2,"59":2,"60":2,"61":2,"62":2,"63":3,"64":1,"65":1,"66":1,"67":1,"68":1,"69":1,"70":3,"71":1,"72":1,"73":1,"74":3,"75":3,"76":3,"77":3,"78":3,"79":4,"80":4,"81":4,"82":4,"83":4,"84":4,"85":4,"86":4,"87":3,"88":3,"89":4,"90":4,"91":4,"92":4,"93":3,"94":2,"95":2,"96":2,"97":2,"98":1,"99":1,"100":1,"101":2,"102":2,"103":2,"104":2,"105":2,"106":3,"107":3,"108":3,"109":1,"110":1,"111":1,"112":1,"113":1,"114":3,"115":3,"116":3,"117":3,"118":2,"119":2,"120":2,"121":2,"122":2,"123":2,"124":2,"125":1,"126":1,"127":1,"128":3,"129":3,"130":3,"131":3,"132":3,"133":3,"134":3,"135":3,"136":3,"137":3,"138":3,"139":3,"140":3,"141":3,"142":3},"branchMap":{"0":{"type":"branch","line":19,"loc":{"start":{"line":19,"column":39},"end":{"line":19,"column":52}},"locations":[{"start":{"line":19,"column":39},"end":{"line":19,"column":52}}]},"1":{"type":"branch","line":39,"loc":{"start":{"line":39,"column":32},"end":{"line":71,"column":2}},"locations":[{"start":{"line":39,"column":32},"end":{"line":71,"column":2}}]},"2":{"type":"branch","line":46,"loc":{"start":{"line":46,"column":-1},"end":{"line":46,"column":77}},"locations":[{"start":{"line":46,"column":-1},"end":{"line":46,"column":77}}]},"3":{"type":"branch","line":46,"loc":{"start":{"line":46,"column":78},"end":{"line":46,"column":89}},"locations":[{"start":{"line":46,"column":78},"end":{"line":46,"column":89}}]},"4":{"type":"branch","line":56,"loc":{"start":{"line":56,"column":-1},"end":{"line":64,"column":11}},"locations":[{"start":{"line":56,"column":-1},"end":{"line":64,"column":11}}]},"5":{"type":"branch","line":64,"loc":{"start":{"line":64,"column":4},"end":{"line":70,"column":3}},"locations":[{"start":{"line":64,"column":4},"end":{"line":70,"column":3}}]},"6":{"type":"branch","line":55,"loc":{"start":{"line":55,"column":33},"end":{"line":55,"column":108}},"locations":[{"start":{"line":55,"column":33},"end":{"line":55,"column":108}}]},"7":{"type":"branch","line":74,"loc":{"start":{"line":74,"column":18},"end":{"line":98,"column":1}},"locations":[{"start":{"line":74,"column":18},"end":{"line":98,"column":1}}]},"8":{"type":"branch","line":79,"loc":{"start":{"line":79,"column":5},"end":{"line":94,"column":3}},"locations":[{"start":{"line":79,"column":5},"end":{"line":94,"column":3}}]},"9":{"type":"branch","line":88,"loc":{"start":{"line":88,"column":-1},"end":{"line":90,"column":43}},"locations":[{"start":{"line":88,"column":-1},"end":{"line":90,"column":43}}]},"10":{"type":"branch","line":90,"loc":{"start":{"line":90,"column":39},"end":{"line":90,"column":45}},"locations":[{"start":{"line":90,"column":39},"end":{"line":90,"column":45}}]},"11":{"type":"branch","line":94,"loc":{"start":{"line":94,"column":3},"end":{"line":98,"column":1}},"locations":[{"start":{"line":94,"column":3},"end":{"line":98,"column":1}}]},"12":{"type":"branch","line":97,"loc":{"start":{"line":97,"column":19},"end":{"line":97,"column":56}},"locations":[{"start":{"line":97,"column":19},"end":{"line":97,"column":56}}]},"13":{"type":"branch","line":101,"loc":{"start":{"line":101,"column":23},"end":{"line":125,"column":2}},"locations":[{"start":{"line":101,"column":23},"end":{"line":125,"column":2}}]},"14":{"type":"branch","line":106,"loc":{"start":{"line":106,"column":28},"end":{"line":118,"column":3}},"locations":[{"start":{"line":106,"column":28},"end":{"line":118,"column":3}}]},"15":{"type":"branch","line":109,"loc":{"start":{"line":109,"column":55},"end":{"line":114,"column":5}},"locations":[{"start":{"line":109,"column":55},"end":{"line":114,"column":5}}]},"16":{"type":"branch","line":128,"loc":{"start":{"line":128,"column":20},"end":{"line":143,"column":1}},"locations":[{"start":{"line":128,"column":20},"end":{"line":143,"column":1}}]}},"b":{"0":[0],"1":[3],"2":[2],"3":[0],"4":[2],"5":[1],"6":[3],"7":[3],"8":[4],"9":[3],"10":[0],"11":[2],"12":[3],"13":[2],"14":[3],"15":[1],"16":[3]},"fnMap":{"0":{"name":"handler","decl":{"start":{"line":39,"column":32},"end":{"line":71,"column":2}},"loc":{"start":{"line":39,"column":32},"end":{"line":71,"column":2}},"line":39},"1":{"name":"fetchDMPs","decl":{"start":{"line":74,"column":18},"end":{"line":98,"column":1}},"loc":{"start":{"line":74,"column":18},"end":{"line":98,"column":1}},"line":74},"2":{"name":"splitIntoFiles","decl":{"start":{"line":101,"column":23},"end":{"line":125,"column":2}},"loc":{"start":{"line":101,"column":23},"end":{"line":125,"column":2}},"line":101},"3":{"name":"publishFile","decl":{"start":{"line":128,"column":20},"end":{"line":143,"column":1}},"loc":{"start":{"line":128,"column":20},"end":{"line":143,"column":1}},"line":128}},"f":{"0":3,"1":3,"2":2,"3":3}}
}
