TN:
SF:src/index.ts
FN:39,handler
FN:74,fetchDMPs
FN:101,splitIntoFiles
FN:128,publishFile
FNF:4
FNH:4
FNDA:3,handler
FNDA:3,fetchDMPs
FNDA:2,splitIntoFiles
FNDA:3,publishFile
DA:1,1
DA:2,1
DA:3,1
DA:4,1
DA:5,1
DA:6,1
DA:7,1
DA:8,1
DA:9,1
DA:10,1
DA:11,1
DA:12,1
DA:13,1
DA:14,1
DA:15,1
DA:16,1
DA:17,1
DA:18,1
DA:19,1
DA:20,1
DA:21,1
DA:22,1
DA:23,1
DA:24,1
DA:25,1
DA:26,1
DA:27,1
DA:28,1
DA:29,1
DA:30,1
DA:31,1
DA:32,1
DA:33,1
DA:34,1
DA:35,1
DA:36,1
DA:37,1
DA:38,1
DA:39,1
DA:40,3
DA:41,3
DA:42,3
DA:43,3
DA:44,3
DA:45,3
DA:46,3
DA:47,3
DA:48,3
DA:49,3
DA:50,3
DA:51,3
DA:52,3
DA:53,3
DA:54,3
DA:55,3
DA:56,2
DA:57,2
DA:58,2
DA:59,2
DA:60,2
DA:61,2
DA:62,2
DA:63,2
DA:64,3
DA:65,1
DA:66,1
DA:67,1
DA:68,1
DA:69,1
DA:70,1
DA:71,3
DA:72,1
DA:73,1
DA:74,1
DA:75,3
DA:76,3
DA:77,3
DA:78,3
DA:79,3
DA:80,4
DA:81,4
DA:82,4
DA:83,4
DA:84,4
DA:85,4
DA:86,4
DA:87,4
DA:88,3
DA:89,3
DA:90,4
DA:91,4
DA:92,4
DA:93,4
DA:94,3
DA:95,2
DA:96,2
DA:97,2
DA:98,2
DA:99,1
DA:100,1
DA:101,1
DA:102,2
DA:103,2
DA:104,2
DA:105,2
DA:106,2
DA:107,3
DA:108,3
DA:109,3
DA:110,1
DA:111,1
DA:112,1
DA:113,1
DA:114,1
DA:115,3
DA:116,3
DA:117,3
DA:118,3
DA:119,2
DA:120,2
DA:121,2
DA:122,2
DA:123,2
DA:124,2
DA:125,2
DA:126,1
DA:127,1
DA:128,1
DA:129,3
DA:130,3
DA:131,3
DA:132,3
DA:133,3
DA:134,3
DA:135,3
DA:136,3
DA:137,3
DA:138,3
DA:139,3
DA:140,3
DA:141,3
DA:142,3
DA:143,3
LF:143
LH:143
BRDA:19,0,0,0
BRDA:39,1,0,3
BRDA:46,2,0,2
BRDA:46,3,0,0
BRDA:56,4,0,2
BRDA:64,5,0,1
BRDA:55,6,0,3
BRDA:74,7,0,3
BRDA:79,8,0,4
BRDA:88,9,0,3
BRDA:90,10,0,0
BRDA:94,11,0,2
BRDA:97,12,0,3
BRDA:101,13,0,2
BRDA:106,14,0,3
BRDA:109,15,0,1
BRDA:128,16,0,3
BRF:17
BRH:14
end_of_record
