{"/Users/briley/Documents/workspace/dmsp_api_prototype/lambdas/layers/dmptool/database/src/index.ts": {"path":"/Users/briley/Documents/workspace/dmsp_api_prototype/lambdas/layers/dmptool/database/src/index.ts","all":false,"statementMap":{"0":{"start":{"line":1,"column":0},"end":{"line":1,"column":105}},"1":{"start":{"line":2,"column":0},"end":{"line":2,"column":100}},"2":{"start":{"line":3,"column":0},"end":{"line":3,"column":63}},"3":{"start":{"line":4,"column":0},"end":{"line":4,"column":30}},"4":{"start":{"line":5,"column":0},"end":{"line":5,"column":0}},"5":{"start":{"line":6,"column":0},"end":{"line":6,"column":27}},"6":{"start":{"line":7,"column":0},"end":{"line":7,"column":28}},"7":{"start":{"line":8,"column":0},"end":{"line":8,"column":39}},"8":{"start":{"line":9,"column":0},"end":{"line":9,"column":33}},"9":{"start":{"line":10,"column":0},"end":{"line":10,"column":0}},"10":{"start":{"line":11,"column":0},"end":{"line":11,"column":23}},"11":{"start":{"line":12,"column":0},"end":{"line":12,"column":62}},"12":{"start":{"line":13,"column":0},"end":{"line":13,"column":62}},"13":{"start":{"line":14,"column":0},"end":{"line":14,"column":0}},"14":{"start":{"line":15,"column":0},"end":{"line":15,"column":30}},"15":{"start":{"line":16,"column":0},"end":{"line":16,"column":62}},"16":{"start":{"line":17,"column":0},"end":{"line":17,"column":58}},"17":{"start":{"line":18,"column":0},"end":{"line":18,"column":53}},"18":{"start":{"line":19,"column":0},"end":{"line":19,"column":0}},"19":{"start":{"line":20,"column":0},"end":{"line":20,"column":55}},"20":{"start":{"line":21,"column":0},"end":{"line":21,"column":54}},"21":{"start":{"line":22,"column":0},"end":{"line":22,"column":39}},"22":{"start":{"line":23,"column":0},"end":{"line":23,"column":0}},"23":{"start":{"line":24,"column":0},"end":{"line":24,"column":16}},"24":{"start":{"line":25,"column":0},"end":{"line":25,"column":51}},"25":{"start":{"line":26,"column":0},"end":{"line":26,"column":62}},"26":{"start":{"line":27,"column":0},"end":{"line":27,"column":9}},"27":{"start":{"line":28,"column":0},"end":{"line":28,"column":9}},"28":{"start":{"line":29,"column":0},"end":{"line":29,"column":0}},"29":{"start":{"line":30,"column":0},"end":{"line":30,"column":12}},"30":{"start":{"line":31,"column":0},"end":{"line":31,"column":50}},"31":{"start":{"line":32,"column":0},"end":{"line":32,"column":39}},"32":{"start":{"line":33,"column":0},"end":{"line":33,"column":5}},"33":{"start":{"line":34,"column":0},"end":{"line":34,"column":3}},"34":{"start":{"line":35,"column":0},"end":{"line":35,"column":43}},"35":{"start":{"line":36,"column":0},"end":{"line":36,"column":2}},"36":{"start":{"line":37,"column":0},"end":{"line":37,"column":0}},"37":{"start":{"line":38,"column":0},"end":{"line":38,"column":85}},"38":{"start":{"line":39,"column":0},"end":{"line":39,"column":32}},"39":{"start":{"line":40,"column":0},"end":{"line":40,"column":13}},"40":{"start":{"line":41,"column":0},"end":{"line":41,"column":13}},"41":{"start":{"line":42,"column":0},"end":{"line":42,"column":18}},"42":{"start":{"line":43,"column":0},"end":{"line":43,"column":19}},"43":{"start":{"line":44,"column":0},"end":{"line":44,"column":1}}},"s":{"0":1,"1":1,"2":1,"3":8,"4":8,"5":8,"6":13,"7":13,"8":13,"9":13,"10":13,"11":3,"12":3,"13":3,"14":13,"15":2,"16":2,"17":3,"18":3,"19":3,"20":2,"21":2,"22":2,"23":3,"24":1,"25":1,"26":1,"27":2,"28":2,"29":10,"30":8,"31":8,"32":8,"33":13,"34":8,"35":8,"36":1,"37":1,"38":1,"39":1,"40":1,"41":1,"42":1,"43":1},"branchMap":{"0":{"type":"branch","line":3,"loc":{"start":{"line":3,"column":37},"end":{"line":36,"column":2}},"locations":[{"start":{"line":3,"column":37},"end":{"line":36,"column":2}}]},"1":{"type":"branch","line":6,"loc":{"start":{"line":6,"column":26},"end":{"line":34,"column":3}},"locations":[{"start":{"line":6,"column":26},"end":{"line":34,"column":3}}]},"2":{"type":"branch","line":11,"loc":{"start":{"line":11,"column":22},"end":{"line":15,"column":5}},"locations":[{"start":{"line":11,"column":22},"end":{"line":15,"column":5}}]},"3":{"type":"branch","line":15,"loc":{"start":{"line":15,"column":5},"end":{"line":33,"column":5}},"locations":[{"start":{"line":15,"column":5},"end":{"line":33,"column":5}}]},"4":{"type":"branch","line":15,"loc":{"start":{"line":15,"column":29},"end":{"line":30,"column":5}},"locations":[{"start":{"line":15,"column":29},"end":{"line":30,"column":5}}]},"5":{"type":"branch","line":30,"loc":{"start":{"line":30,"column":5},"end":{"line":33,"column":5}},"locations":[{"start":{"line":30,"column":5},"end":{"line":33,"column":5}}]},"6":{"type":"branch","line":17,"loc":{"start":{"line":17,"column":43},"end":{"line":28,"column":7}},"locations":[{"start":{"line":17,"column":43},"end":{"line":28,"column":7}}]},"7":{"type":"branch","line":20,"loc":{"start":{"line":20,"column":54},"end":{"line":24,"column":9}},"locations":[{"start":{"line":20,"column":54},"end":{"line":24,"column":9}}]},"8":{"type":"branch","line":24,"loc":{"start":{"line":24,"column":9},"end":{"line":27,"column":9}},"locations":[{"start":{"line":24,"column":9},"end":{"line":27,"column":9}}]}},"b":{"0":[8],"1":[13],"2":[3],"3":[10],"4":[2],"5":[8],"6":[3],"7":[2],"8":[1]},"fnMap":{"0":{"name":"deserializeDynamoItem","decl":{"start":{"line":3,"column":37},"end":{"line":36,"column":2}},"loc":{"start":{"line":3,"column":37},"end":{"line":36,"column":2}},"line":3}},"f":{"0":8}}
,"/Users/briley/Documents/workspace/dmsp_api_prototype/lambdas/layers/dmptool/general/src/index.ts": {"path":"/Users/briley/Documents/workspace/dmsp_api_prototype/lambdas/layers/dmptool/general/src/index.ts","all":false,"statementMap":{"0":{"start":{"line":1,"column":0},"end":{"line":1,"column":54}},"1":{"start":{"line":2,"column":0},"end":{"line":2,"column":42}},"2":{"start":{"line":3,"column":0},"end":{"line":3,"column":25}},"3":{"start":{"line":4,"column":0},"end":{"line":4,"column":0}},"4":{"start":{"line":5,"column":0},"end":{"line":5,"column":23}},"5":{"start":{"line":6,"column":0},"end":{"line":6,"column":33}},"6":{"start":{"line":7,"column":0},"end":{"line":7,"column":47}},"7":{"start":{"line":8,"column":0},"end":{"line":8,"column":60}},"8":{"start":{"line":9,"column":0},"end":{"line":9,"column":53}},"9":{"start":{"line":10,"column":0},"end":{"line":10,"column":0}},"10":{"start":{"line":11,"column":0},"end":{"line":11,"column":25}},"11":{"start":{"line":12,"column":0},"end":{"line":12,"column":35}},"12":{"start":{"line":13,"column":0},"end":{"line":13,"column":2}}},"s":{"0":1,"1":1,"2":1,"3":1,"4":1,"5":1,"6":1,"7":1,"8":1,"9":1,"10":1,"11":1,"12":1},"branchMap":{"0":{"type":"branch","line":2,"loc":{"start":{"line":2,"column":35},"end":{"line":13,"column":2}},"locations":[{"start":{"line":2,"column":35},"end":{"line":13,"column":2}}]}},"b":{"0":[1]},"fnMap":{"0":{"name":"currentDateAsString","decl":{"start":{"line":2,"column":35},"end":{"line":13,"column":2}},"loc":{"start":{"line":2,"column":35},"end":{"line":13,"column":2}},"line":2}},"f":{"0":1}}
}
