TN:
SF:database/src/index.ts
FN:3,deserializeDynamoItem
FNF:1
FNH:1
FNDA:8,deserializeDynamoItem
DA:1,1
DA:2,1
DA:3,1
DA:4,8
DA:5,8
DA:6,8
DA:7,13
DA:8,13
DA:9,13
DA:10,13
DA:11,13
DA:12,3
DA:13,3
DA:14,3
DA:15,13
DA:16,2
DA:17,2
DA:18,3
DA:19,3
DA:20,3
DA:21,2
DA:22,2
DA:23,2
DA:24,3
DA:25,1
DA:26,1
DA:27,1
DA:28,2
DA:29,2
DA:30,10
DA:31,8
DA:32,8
DA:33,8
DA:34,13
DA:35,8
DA:36,8
DA:37,1
DA:38,1
DA:39,1
DA:40,1
DA:41,1
DA:42,1
DA:43,1
DA:44,1
LF:44
LH:44
BRDA:3,0,0,8
BRDA:6,1,0,13
BRDA:11,2,0,3
BRDA:15,3,0,10
BRDA:15,4,0,2
BRDA:30,5,0,8
BRDA:17,6,0,3
BRDA:20,7,0,2
BRDA:24,8,0,1
BRF:9
BRH:9
end_of_record
TN:
SF:general/src/index.ts
FN:2,currentDateAsString
FNF:1
FNH:1
FNDA:1,currentDateAsString
DA:1,1
DA:2,1
DA:3,1
DA:4,1
DA:5,1
DA:6,1
DA:7,1
DA:8,1
DA:9,1
DA:10,1
DA:11,1
DA:12,1
DA:13,1
LF:13
LH:13
BRDA:2,0,0,1
BRF:1
BRH:1
end_of_record
